Ignoring stale command-line parameter '-S'Setting SIM_SPEEDUP=1.000000
Suggested EK3_DRAG_BCOEF_* = 17.209, EK3_DRAG_MCOEF = 0.209
Home: 35.363621 149.165237 alt=584.000000m hdg=0.000000
Starting sketch 'ArduCopter'
Starting SITL input
Using Irlock at port : 9015
bind port 5770 for SERIAL0
SERIAL0 on TCP port 5770
Waiting for connection ....
Connection on serial port 5770
Loaded defaults from /Users/pmle/Documents/Dev/ardupilot/Tools/autotest/default_params/copter.parm
Smoothing reset at 0.001
bind port 5772 for SERIAL1
SERIAL1 on TCP port 5772
bind port 5773 for SERIAL2
SERIAL2 on TCP port 5773
Loaded defaults from /Users/pmle/Documents/Dev/ardupilot/Tools/autotest/default_params/copter.parm
validate_structures:538: Validating structures
Waiting for internal clock bits to be set (current=0x00)
Loaded defaults from /Users/pmle/Documents/Dev/ardupilot/Tools/autotest/default_params/copter.parm
Loaded defaults from /Users/pmle/Documents/Dev/ardupilot/Tools/autotest/default_params/copter.parm
Loaded defaults from /Users/pmle/Documents/Dev/ardupilot/Tools/autotest/default_params/copter.parm
Loaded defaults from /Users/pmle/Documents/Dev/ardupilot/Tools/autotest/default_params/copter.parm
Loaded defaults from /Users/pmle/Documents/Dev/ardupilot/Tools/autotest/default_params/copter.parm
Loaded defaults from /Users/pmle/Documents/Dev/ardupilot/Tools/autotest/default_params/copter.parm
Closed connection on SERIAL0
